<?xml version="1.0" encoding="UTF-8"?>
<testsuite name="demo.FundTransferTest" tests="1" skipped="0" failures="0" errors="0" timestamp="2021-05-08T19:54:06" hostname="DESKTOP-1AEEV3K" time="5.173">
  <properties/>
  <testcase name="payeesAccountNoObligatoriedad" classname="demo.FundTransferTest" time="5.173"/>
  <system-out><![CDATA[]]></system-out>
  <system-err><![CDATA[Starting ChromeDriver 90.0.4430.24 (4c6d850f087da467d926e8eddb76550aed655991-refs/branch-heads/4430@{#429}) on port 7024
Only local connections are allowed.
Please see https://chromedriver.chromium.org/security-considerations for suggestions on keeping ChromeDriver safe.
ChromeDriver was started successfully.
may 08, 2021 2:54:08 PM org.openqa.selenium.remote.ProtocolHandshake createSession
INFORMACIÃ“N: Detected dialect: W3C
]]></system-err>
</testsuite>
